<?xml version="1.0" encoding="UTF-8"?>
<testsuite name="com.casestudy.ShoppingCartTest" tests="1" skipped="0" failures="0" errors="0" timestamp="2019-12-26T21:19:03" hostname="muhammet.local" time="0.012">
  <properties/>
  <testcase name="shouldPrintCart" classname="com.casestudy.ShoppingCartTest" time="0.012"/>
  <system-out><![CDATA[Category name: food, Product name: Apple, Quantity: 3, Unit Price: 100.000000 
Category name: food, Product name: Almonds, Quantity: 4, Unit Price: 150.000000 
Category name: electronics, Product name: tv, Quantity: 3, Unit Price: 3000.000000 
Total price: 9900.000000 
Total discount: 2440.000000 
]]></system-out>
  <system-err><![CDATA[]]></system-err>
</testsuite>
